x264 configure script
Command line options: "--cross-prefix=/home/fcoulombe/Android/Sdk/ndk-bundle/toolchains/arm-linux-androideabi-4.9/prebuilt/linux-x86_64/bin/arm-linux-androideabi-" "--sysroot=/home/fcoulombe/Android/Sdk/ndk-bundle/platforms/android-16/arch-arm" "--host=arm-linux" "--enable-pic" "--enable-static" "--extra-cflags=-fPIE" "-pie" "--extra-ldflags=-fPIE" "-pie" "--disable-cli"

checking whether /home/fcoulombe/Android/Sdk/ndk-bundle/toolchains/arm-linux-androideabi-4.9/prebuilt/linux-x86_64/bin/arm-linux-androideabi-gcc works... yes
checking whether /home/fcoulombe/Android/Sdk/ndk-bundle/toolchains/arm-linux-androideabi-4.9/prebuilt/linux-x86_64/bin/arm-linux-androideabi-gcc supports for( int i = 0; i < 9; i++ ); with -std=gnu99... yes
checking whether /home/fcoulombe/Android/Sdk/ndk-bundle/toolchains/arm-linux-androideabi-4.9/prebuilt/linux-x86_64/bin/arm-linux-androideabi-gcc supports __asm__("rev ip, ip");... yes
checking whether /home/fcoulombe/Android/Sdk/ndk-bundle/toolchains/arm-linux-androideabi-4.9/prebuilt/linux-x86_64/bin/arm-linux-androideabi-gcc supports __asm__("movt r0, #0");... yes
checking whether /home/fcoulombe/Android/Sdk/ndk-bundle/toolchains/arm-linux-androideabi-4.9/prebuilt/linux-x86_64/bin/arm-linux-androideabi-gcc supports __asm__("vadd.i16 q0, q0, q0");... no
Failed commandline was:
--------------------------------------------------
/home/fcoulombe/Android/Sdk/ndk-bundle/toolchains/arm-linux-androideabi-4.9/prebuilt/linux-x86_64/bin/arm-linux-androideabi-gcc conftest.c  -Wall -I. -I$(SRCPATH) --sysroot=/home/fcoulombe/Android/Sdk/ndk-bundle/platforms/android-16/arch-arm -fPIE -pie -std=gnu99 -mcpu=cortex-a8 -mfpu=neon     --sysroot=/home/fcoulombe/Android/Sdk/ndk-bundle/platforms/android-16/arch-arm -fPIE -pie -lm -o conftest
/tmp/ccMGjs08.s: Assembler messages:
/tmp/ccMGjs08.s:25: Error: selected processor does not support ARM mode `vadd.i16 q0,q0,q0'
--------------------------------------------------
Failed program was:
--------------------------------------------------
int main (void) { __asm__("vadd.i16 q0, q0, q0"); return 0; }
--------------------------------------------------
checking whether /home/fcoulombe/Android/Sdk/ndk-bundle/toolchains/arm-linux-androideabi-4.9/prebuilt/linux-x86_64/bin/arm-linux-androideabi-gcc supports .func test
.endfunc... yes
checking for pthread_create(0,0,0,0); in pthread.h... no
Failed commandline was:
--------------------------------------------------
/home/fcoulombe/Android/Sdk/ndk-bundle/toolchains/arm-linux-androideabi-4.9/prebuilt/linux-x86_64/bin/arm-linux-androideabi-gcc conftest.c  -Wall -I. -I$(SRCPATH) --sysroot=/home/fcoulombe/Android/Sdk/ndk-bundle/platforms/android-16/arch-arm -fPIE -pie -std=gnu99 -mcpu=cortex-a8 -mfpu=neon  -lpthread   --sysroot=/home/fcoulombe/Android/Sdk/ndk-bundle/platforms/android-16/arch-arm -fPIE -pie -lm -o conftest
/home/fcoulombe/Android/Sdk/ndk-bundle/toolchains/arm-linux-androideabi-4.9/prebuilt/linux-x86_64/bin/../lib/gcc/arm-linux-androideabi/4.9/../../../../arm-linux-androideabi/bin/ld: error: cannot find -lpthread
collect2: error: ld returned 1 exit status
--------------------------------------------------
Failed program was:
--------------------------------------------------
#include <pthread.h>
int main (void) { pthread_create(0,0,0,0); return 0; }
--------------------------------------------------
checking for pthread_create(0,0,0,0); in pthread.h... yes
checking for cpu_set_t p_aff; return CPU_COUNT(&p_aff); in sched.h... no
Failed commandline was:
--------------------------------------------------
/home/fcoulombe/Android/Sdk/ndk-bundle/toolchains/arm-linux-androideabi-4.9/prebuilt/linux-x86_64/bin/arm-linux-androideabi-gcc conftest.c  -Wall -I. -I$(SRCPATH) --sysroot=/home/fcoulombe/Android/Sdk/ndk-bundle/platforms/android-16/arch-arm -fPIE -pie -std=gnu99 -mcpu=cortex-a8 -mfpu=neon  -D_GNU_SOURCE -Werror   --sysroot=/home/fcoulombe/Android/Sdk/ndk-bundle/platforms/android-16/arch-arm -fPIE -pie -lm  -o conftest
conftest.c: In function 'main':
conftest.c:2:19: error: unknown type name 'cpu_set_t'
 int main (void) { cpu_set_t p_aff; return CPU_COUNT(&p_aff); return 0; }
                   ^
conftest.c:2:1: error: implicit declaration of function 'CPU_COUNT' [-Werror=implicit-function-declaration]
 int main (void) { cpu_set_t p_aff; return CPU_COUNT(&p_aff); return 0; }
 ^
cc1: all warnings being treated as errors
--------------------------------------------------
Failed program was:
--------------------------------------------------
#include <sched.h>
int main (void) { cpu_set_t p_aff; return CPU_COUNT(&p_aff); return 0; }
--------------------------------------------------
checking for return log2f(2); in math.h... no
Failed commandline was:
--------------------------------------------------
/home/fcoulombe/Android/Sdk/ndk-bundle/toolchains/arm-linux-androideabi-4.9/prebuilt/linux-x86_64/bin/arm-linux-androideabi-gcc conftest.c  -Wall -I. -I$(SRCPATH) --sysroot=/home/fcoulombe/Android/Sdk/ndk-bundle/platforms/android-16/arch-arm -fPIE -pie -std=gnu99 -mcpu=cortex-a8 -mfpu=neon  -Werror   --sysroot=/home/fcoulombe/Android/Sdk/ndk-bundle/platforms/android-16/arch-arm -fPIE -pie -lm  -o conftest
conftest.c: In function 'main':
conftest.c:2:1: error: implicit declaration of function 'log2f' [-Werror=implicit-function-declaration]
 int main (void) { return log2f(2); return 0; }
 ^
conftest.c:2:26: error: incompatible implicit declaration of built-in function 'log2f' [-Werror]
 int main (void) { return log2f(2); return 0; }
                          ^
cc1: all warnings being treated as errors
--------------------------------------------------
Failed program was:
--------------------------------------------------
#include <math.h>
int main (void) { return log2f(2); return 0; }
--------------------------------------------------
checking for sws_init_context(0,0,0); in libswscale/swscale.h... no
Failed commandline was:
--------------------------------------------------
/home/fcoulombe/Android/Sdk/ndk-bundle/toolchains/arm-linux-androideabi-4.9/prebuilt/linux-x86_64/bin/arm-linux-androideabi-gcc conftest.c  -Wall -I. -I$(SRCPATH) --sysroot=/home/fcoulombe/Android/Sdk/ndk-bundle/platforms/android-16/arch-arm -fPIE -pie -std=gnu99 -mcpu=cortex-a8 -mfpu=neon   -lswscale -lavutil   --sysroot=/home/fcoulombe/Android/Sdk/ndk-bundle/platforms/android-16/arch-arm -fPIE -pie -lm  -o conftest
conftest.c:1:32: fatal error: libswscale/swscale.h: No such file or directory
 #include <libswscale/swscale.h>
                                ^
compilation terminated.
--------------------------------------------------
Failed program was:
--------------------------------------------------
#include <libswscale/swscale.h>
int main (void) { sws_init_context(0,0,0); return 0; }
--------------------------------------------------
checking for -lpostproc... no
Failed commandline was:
--------------------------------------------------
/home/fcoulombe/Android/Sdk/ndk-bundle/toolchains/arm-linux-androideabi-4.9/prebuilt/linux-x86_64/bin/arm-linux-androideabi-gcc conftest.c  -Wall -I. -I$(SRCPATH) --sysroot=/home/fcoulombe/Android/Sdk/ndk-bundle/platforms/android-16/arch-arm -fPIE -pie -std=gnu99 -mcpu=cortex-a8 -mfpu=neon  -lpostproc   --sysroot=/home/fcoulombe/Android/Sdk/ndk-bundle/platforms/android-16/arch-arm -fPIE -pie -lm  -o conftest
/home/fcoulombe/Android/Sdk/ndk-bundle/toolchains/arm-linux-androideabi-4.9/prebuilt/linux-x86_64/bin/../lib/gcc/arm-linux-androideabi/4.9/../../../../arm-linux-androideabi/bin/ld: error: cannot find -lpostproc
collect2: error: ld returned 1 exit status
--------------------------------------------------
Failed program was:
--------------------------------------------------
int main (void) {  return 0; }
--------------------------------------------------
checking for -lavcodec... no
Failed commandline was:
--------------------------------------------------
/home/fcoulombe/Android/Sdk/ndk-bundle/toolchains/arm-linux-androideabi-4.9/prebuilt/linux-x86_64/bin/arm-linux-androideabi-gcc conftest.c  -Wall -I. -I$(SRCPATH) --sysroot=/home/fcoulombe/Android/Sdk/ndk-bundle/platforms/android-16/arch-arm -fPIE -pie -std=gnu99 -mcpu=cortex-a8 -mfpu=neon  -lavcodec   --sysroot=/home/fcoulombe/Android/Sdk/ndk-bundle/platforms/android-16/arch-arm -fPIE -pie -lm  -o conftest
/home/fcoulombe/Android/Sdk/ndk-bundle/toolchains/arm-linux-androideabi-4.9/prebuilt/linux-x86_64/bin/../lib/gcc/arm-linux-androideabi/4.9/../../../../arm-linux-androideabi/bin/ld: error: cannot find -lavcodec
collect2: error: ld returned 1 exit status
--------------------------------------------------
Failed program was:
--------------------------------------------------
int main (void) {  return 0; }
--------------------------------------------------
checking for -lswscale... no
Failed commandline was:
--------------------------------------------------
/home/fcoulombe/Android/Sdk/ndk-bundle/toolchains/arm-linux-androideabi-4.9/prebuilt/linux-x86_64/bin/arm-linux-androideabi-gcc conftest.c  -Wall -I. -I$(SRCPATH) --sysroot=/home/fcoulombe/Android/Sdk/ndk-bundle/platforms/android-16/arch-arm -fPIE -pie -std=gnu99 -mcpu=cortex-a8 -mfpu=neon  -lswscale   --sysroot=/home/fcoulombe/Android/Sdk/ndk-bundle/platforms/android-16/arch-arm -fPIE -pie -lm  -o conftest
/home/fcoulombe/Android/Sdk/ndk-bundle/toolchains/arm-linux-androideabi-4.9/prebuilt/linux-x86_64/bin/../lib/gcc/arm-linux-androideabi/4.9/../../../../arm-linux-androideabi/bin/ld: error: cannot find -lswscale
collect2: error: ld returned 1 exit status
--------------------------------------------------
Failed program was:
--------------------------------------------------
int main (void) {  return 0; }
--------------------------------------------------
checking for -lavutil... no
Failed commandline was:
--------------------------------------------------
/home/fcoulombe/Android/Sdk/ndk-bundle/toolchains/arm-linux-androideabi-4.9/prebuilt/linux-x86_64/bin/arm-linux-androideabi-gcc conftest.c  -Wall -I. -I$(SRCPATH) --sysroot=/home/fcoulombe/Android/Sdk/ndk-bundle/platforms/android-16/arch-arm -fPIE -pie -std=gnu99 -mcpu=cortex-a8 -mfpu=neon  -lavutil   --sysroot=/home/fcoulombe/Android/Sdk/ndk-bundle/platforms/android-16/arch-arm -fPIE -pie -lm  -o conftest
/home/fcoulombe/Android/Sdk/ndk-bundle/toolchains/arm-linux-androideabi-4.9/prebuilt/linux-x86_64/bin/../lib/gcc/arm-linux-androideabi/4.9/../../../../arm-linux-androideabi/bin/ld: error: cannot find -lavutil
collect2: error: ld returned 1 exit status
--------------------------------------------------
Failed program was:
--------------------------------------------------
int main (void) {  return 0; }
--------------------------------------------------
checking for -lm... yes
checking for -lz... yes
checking for -lbz2... no
Failed commandline was:
--------------------------------------------------
/home/fcoulombe/Android/Sdk/ndk-bundle/toolchains/arm-linux-androideabi-4.9/prebuilt/linux-x86_64/bin/arm-linux-androideabi-gcc conftest.c  -Wall -I. -I$(SRCPATH) --sysroot=/home/fcoulombe/Android/Sdk/ndk-bundle/platforms/android-16/arch-arm -fPIE -pie -std=gnu99 -mcpu=cortex-a8 -mfpu=neon  -lbz2   --sysroot=/home/fcoulombe/Android/Sdk/ndk-bundle/platforms/android-16/arch-arm -fPIE -pie -lm  -o conftest
/home/fcoulombe/Android/Sdk/ndk-bundle/toolchains/arm-linux-androideabi-4.9/prebuilt/linux-x86_64/bin/../lib/gcc/arm-linux-androideabi/4.9/../../../../arm-linux-androideabi/bin/ld: error: cannot find -lbz2
collect2: error: ld returned 1 exit status
--------------------------------------------------
Failed program was:
--------------------------------------------------
int main (void) {  return 0; }
--------------------------------------------------
checking for -lavifil32... no
Failed commandline was:
--------------------------------------------------
/home/fcoulombe/Android/Sdk/ndk-bundle/toolchains/arm-linux-androideabi-4.9/prebuilt/linux-x86_64/bin/arm-linux-androideabi-gcc conftest.c  -Wall -I. -I$(SRCPATH) --sysroot=/home/fcoulombe/Android/Sdk/ndk-bundle/platforms/android-16/arch-arm -fPIE -pie -std=gnu99 -mcpu=cortex-a8 -mfpu=neon  -lavifil32   --sysroot=/home/fcoulombe/Android/Sdk/ndk-bundle/platforms/android-16/arch-arm -fPIE -pie -lm  -o conftest
/home/fcoulombe/Android/Sdk/ndk-bundle/toolchains/arm-linux-androideabi-4.9/prebuilt/linux-x86_64/bin/../lib/gcc/arm-linux-androideabi/4.9/../../../../arm-linux-androideabi/bin/ld: error: cannot find -lavifil32
collect2: error: ld returned 1 exit status
--------------------------------------------------
Failed program was:
--------------------------------------------------
int main (void) {  return 0; }
--------------------------------------------------
checking for -lws2_32... no
Failed commandline was:
--------------------------------------------------
/home/fcoulombe/Android/Sdk/ndk-bundle/toolchains/arm-linux-androideabi-4.9/prebuilt/linux-x86_64/bin/arm-linux-androideabi-gcc conftest.c  -Wall -I. -I$(SRCPATH) --sysroot=/home/fcoulombe/Android/Sdk/ndk-bundle/platforms/android-16/arch-arm -fPIE -pie -std=gnu99 -mcpu=cortex-a8 -mfpu=neon  -lws2_32   --sysroot=/home/fcoulombe/Android/Sdk/ndk-bundle/platforms/android-16/arch-arm -fPIE -pie -lm  -o conftest
/home/fcoulombe/Android/Sdk/ndk-bundle/toolchains/arm-linux-androideabi-4.9/prebuilt/linux-x86_64/bin/../lib/gcc/arm-linux-androideabi/4.9/../../../../arm-linux-androideabi/bin/ld: error: cannot find -lws2_32
collect2: error: ld returned 1 exit status
--------------------------------------------------
Failed program was:
--------------------------------------------------
int main (void) {  return 0; }
--------------------------------------------------
checking for av_frame_free(0); in libavformat/avformat.h... no
Failed commandline was:
--------------------------------------------------
/home/fcoulombe/Android/Sdk/ndk-bundle/toolchains/arm-linux-androideabi-4.9/prebuilt/linux-x86_64/bin/arm-linux-androideabi-gcc conftest.c  -Wall -I. -I$(SRCPATH) --sysroot=/home/fcoulombe/Android/Sdk/ndk-bundle/platforms/android-16/arch-arm -fPIE -pie -std=gnu99 -mcpu=cortex-a8 -mfpu=neon   -L. -lavformat -lm -lz   --sysroot=/home/fcoulombe/Android/Sdk/ndk-bundle/platforms/android-16/arch-arm -fPIE -pie -lm  -o conftest
conftest.c:1:34: fatal error: libavformat/avformat.h: No such file or directory
 #include <libavformat/avformat.h>
                                  ^
compilation terminated.
--------------------------------------------------
Failed program was:
--------------------------------------------------
#include <libavformat/avformat.h>
int main (void) { av_frame_free(0); return 0; }
--------------------------------------------------
checking for FFMS_DestroyVideoSource(0); in ffms.h... no
Failed commandline was:
--------------------------------------------------
/home/fcoulombe/Android/Sdk/ndk-bundle/toolchains/arm-linux-androideabi-4.9/prebuilt/linux-x86_64/bin/arm-linux-androideabi-gcc conftest.c  -Wall -I. -I$(SRCPATH) --sysroot=/home/fcoulombe/Android/Sdk/ndk-bundle/platforms/android-16/arch-arm -fPIE -pie -std=gnu99 -mcpu=cortex-a8 -mfpu=neon   -lffms2   --sysroot=/home/fcoulombe/Android/Sdk/ndk-bundle/platforms/android-16/arch-arm -fPIE -pie -lm  -o conftest
conftest.c:1:18: fatal error: ffms.h: No such file or directory
 #include <ffms.h>
                  ^
compilation terminated.
--------------------------------------------------
Failed program was:
--------------------------------------------------
#include <ffms.h>
int main (void) { FFMS_DestroyVideoSource(0); return 0; }
--------------------------------------------------
checking for FFMS_DestroyVideoSource(0); in ffms.h... no
Failed commandline was:
--------------------------------------------------
/home/fcoulombe/Android/Sdk/ndk-bundle/toolchains/arm-linux-androideabi-4.9/prebuilt/linux-x86_64/bin/arm-linux-androideabi-gcc conftest.c  -Wall -I. -I$(SRCPATH) --sysroot=/home/fcoulombe/Android/Sdk/ndk-bundle/platforms/android-16/arch-arm -fPIE -pie -std=gnu99 -mcpu=cortex-a8 -mfpu=neon   -lffms2 -lstdc++ -L. -lavformat -lm -lz   --sysroot=/home/fcoulombe/Android/Sdk/ndk-bundle/platforms/android-16/arch-arm -fPIE -pie -lm  -o conftest
conftest.c:1:18: fatal error: ffms.h: No such file or directory
 #include <ffms.h>
                  ^
compilation terminated.
--------------------------------------------------
Failed program was:
--------------------------------------------------
#include <ffms.h>
int main (void) { FFMS_DestroyVideoSource(0); return 0; }
--------------------------------------------------
checking for lsmash.h... no
Failed commandline was:
--------------------------------------------------
/home/fcoulombe/Android/Sdk/ndk-bundle/toolchains/arm-linux-androideabi-4.9/prebuilt/linux-x86_64/bin/arm-linux-androideabi-gcc conftest.c  -Wall -I. -I$(SRCPATH) --sysroot=/home/fcoulombe/Android/Sdk/ndk-bundle/platforms/android-16/arch-arm -fPIE -pie -std=gnu99 -mcpu=cortex-a8 -mfpu=neon   -llsmash   --sysroot=/home/fcoulombe/Android/Sdk/ndk-bundle/platforms/android-16/arch-arm -fPIE -pie -lm  -o conftest
conftest.c:1:20: fatal error: lsmash.h: No such file or directory
 #include <lsmash.h>
                    ^
compilation terminated.
--------------------------------------------------
Failed program was:
--------------------------------------------------
#include <lsmash.h>
int main (void) {  return 0; }
--------------------------------------------------
checking for -lz... yes
checking for gpac/isomedia.h... no
Failed commandline was:
--------------------------------------------------
/home/fcoulombe/Android/Sdk/ndk-bundle/toolchains/arm-linux-androideabi-4.9/prebuilt/linux-x86_64/bin/arm-linux-androideabi-gcc conftest.c  -Wall -I. -I$(SRCPATH) --sysroot=/home/fcoulombe/Android/Sdk/ndk-bundle/platforms/android-16/arch-arm -fPIE -pie -std=gnu99 -mcpu=cortex-a8 -mfpu=neon  -lgpac_static -lz   --sysroot=/home/fcoulombe/Android/Sdk/ndk-bundle/platforms/android-16/arch-arm -fPIE -pie -lm  -o conftest
conftest.c:1:27: fatal error: gpac/isomedia.h: No such file or directory
 #include <gpac/isomedia.h>
                           ^
compilation terminated.
--------------------------------------------------
Failed program was:
--------------------------------------------------
#include <gpac/isomedia.h>
int main (void) {  return 0; }
--------------------------------------------------
checking for uint32_t test_vec __attribute__ ((vector_size (16))) = {0,1,2,3}; in stdint.h... yes
checking for stdio.h... yes
checking for -fno-tree-vectorize... yes
checking for fseeko(stdin,0,0); in stdio.h... yes
checking for -Wshadow... yes
checking for -Wmaybe-uninitialized... yes

platform:      ARM
system:        LINUX
cli:           no
libx264:       internal
shared:        no
static:        yes
asm:           yes
interlaced:    yes
avs:           avxsynth
lavf:          no
ffms:          no
mp4:           no
gpl:           yes
thread:        posix
opencl:        yes
filters:       crop select_every 
debug:         no
gprof:         no
strip:         no
PIC:           yes
bit depth:     8
chroma format: all
